Build started 1/14/2014 2:03:22 PM.
     1>Project "C:\Users\Juli Gregg\Desktop\SausageFox150\MansionMashers\MansionMashers\MansionMashers.vcxproj" on node 2 (Build target(s)).
     1>ClCompile:
         C:\Program Files (x86)\Microsoft Visual Studio 11.0\VC\bin\CL.exe /c /ZI /nologo /W3 /WX- /Od /Oy- /D _MBCS /Gm /EHsc /RTC1 /MDd /GS /fp:precise /Zc:wchar_t /Zc:forScope /Fo"Debug\\" /Fd"Debug\vc110.pdb" /Gd /TC /analyze- /errorReport:prompt SourceFiles\TestLevel.c
         TestLevel.c
     1>c:\users\juli gregg\desktop\sausagefox150\mansionmashers\mansionmashers\sourcefiles\testlevel.c(58): error C2275: 'Sprite' : illegal use of this type as an expression
                 c:\users\juli gregg\desktop\sausagefox150\mansionmashers\mansionmashers\headerfiles\sprite.h(41) : see declaration of 'Sprite'
     1>c:\users\juli gregg\desktop\sausagefox150\mansionmashers\mansionmashers\sourcefiles\testlevel.c(58): error C2065: 'Hammy' : undeclared identifier
     1>Done Building Project "C:\Users\Juli Gregg\Desktop\SausageFox150\MansionMashers\MansionMashers\MansionMashers.vcxproj" (Build target(s)) -- FAILED.

Build FAILED.

Time Elapsed 00:00:00.44
